<?xml version="1.0" encoding="utf-8"?><testsuites name="pytest tests"><testsuite name="pytest" errors="0" failures="0" skipped="0" tests="46" time="8.193" timestamp="2026-07-14T05:32:28.580784+00:00" hostname="agent-env-03b6ab2b-ce18-49db-b84d-34b18f7f849d"><testcase classname="tests.backend_test.TestStripeCheckout" name="test_checkout_session_creates_stripe_url_and_uses_server_pricing" time="0.991" /><testcase classname="tests.backend_test.TestSellerProductsCRUD" name="test_seller_can_create_product_with_store_name" time="0.398" /><testcase classname="tests.backend_test.TestSellerProductsCRUD" name="test_public_products_include_seller_products_and_names" time="0.590" /><testcase classname="tests.backend_test.TestSellerProductsCRUD" name="test_seller_list_returns_only_own" time="0.047" /><testcase classname="tests.backend_test.TestStripeCheckout" name="test_checkout_status_matches_server_computed_amount" time="0.359" /><testcase classname="tests.backend_test.TestSellerProductsCRUD" name="test_seller_stats" time="0.275" /><testcase classname="tests.backend_test.TestSellerProductsCRUD" name="test_seller_can_update_own_product" time="0.132" /><testcase classname="tests.backend_test.TestStripeCheckout" name="test_checkout_ignores_client_supplied_price" time="0.839" /><testcase classname="tests.backend_test.TestSellerProductsCRUD" name="test_seller_cannot_edit_official_product" time="0.706" /><testcase classname="tests.backend_test.TestSellerProductsCRUD" name="test_seller_cannot_delete_others" time="0.128" /><testcase classname="tests.backend_test.TestStripeCheckout" name="test_payment_transaction_created_with_initiated_status" time="0.833" /><testcase classname="tests.backend_test.TestSellerProductsCRUD" name="test_seller_can_delete_own" time="0.702" /><testcase classname="tests.backend_test.TestProducts" name="test_list_products_returns_id_not_underscore" time="0.045" /><testcase classname="tests.backend_test.TestStripeCheckout" name="test_checkout_status_not_found" time="0.044" /><testcase classname="tests.backend_test.TestProducts" name="test_get_product_by_id" time="0.082" /><testcase classname="tests.backend_test.TestStripeCheckout" name="test_checkout_empty_cart_returns_400" time="0.042" /><testcase classname="tests.backend_test.TestProducts" name="test_get_product_invalid_id" time="0.041" /><testcase classname="tests.backend_test.TestStripeCheckout" name="test_checkout_invalid_product_ids_returns_400" time="0.044" /><testcase classname="tests.backend_test.TestProducts" name="test_filter_by_category" time="0.046" /><testcase classname="tests.backend_test.TestStripeCheckout" name="test_checkout_multiple_items_pricing" time="0.980" /><testcase classname="tests.backend_test.TestProducts" name="test_search_products" time="0.045" /><testcase classname="tests.backend_test.TestAuth" name="test_login_success" time="0.624" /><testcase classname="tests.backend_test.TestAuth" name="test_login_wrong_password" time="0.487" /><testcase classname="tests.backend_test.TestAuth" name="test_login_unknown_user" time="0.224" /><testcase classname="tests.backend_test.TestStripeCheckout" name="test_no_order_created_while_unpaid" time="2.146" /><testcase classname="tests.backend_test.TestAuth" name="test_me_with_token" time="0.308" /><testcase classname="tests.backend_test.TestAuth" name="test_me_without_token" time="0.398" /><testcase classname="tests.backend_test.TestAdminSellerManagement" name="test_admin_stats_include_sellers" time="0.284" /><testcase classname="tests.backend_test.TestAdminSellerManagement" name="test_admin_lists_sellers" time="0.220" /><testcase classname="tests.backend_test.TestAdminSellerManagement" name="test_admin_sellers_requires_auth" time="0.219" /><testcase classname="tests.backend_test.TestAdminSellerManagement" name="test_admin_approves_pending_seller" time="0.784" /><testcase classname="tests.backend_test.TestAdmin" name="test_admin_endpoints_require_auth" time="0.382" /><testcase classname="tests.backend_test.TestAdmin" name="test_admin_endpoints_reject_bad_token" time="0.084" /><testcase classname="tests.backend_test.TestAdmin" name="test_product_crud" time="0.711" /><testcase classname="tests.backend_test.TestAdminSellerManagement" name="test_admin_invalid_status_returns_400" time="0.088" /><testcase classname="tests.backend_test.TestSellerAuth" name="test_login_approved_seller_returns_role_status_store" time="0.306" /><testcase classname="tests.backend_test.TestSellerAuth" name="test_register_new_seller_pending_and_pending_cannot_create" time="0.315" /><testcase classname="tests.backend_test.TestAdmin" name="test_admin_orders" time="0.046" /><testcase classname="tests.backend_test.TestSellerAuth" name="test_duplicate_email_returns_400" time="0.044" /><testcase classname="tests.backend_test.TestAdmin" name="test_admin_stats" time="0.049" /><testcase classname="tests.backend_test.TestPublicMeta" name="test_root" time="0.049" /><testcase classname="tests.backend_test.TestOrders" name="test_create_order" time="0.137" /><testcase classname="tests.backend_test.TestPublicMeta" name="test_categories" time="0.043" /><testcase classname="tests.backend_test.TestAdminOfficialProduct" name="test_admin_creates_product_tagged_official" time="0.091" /><testcase classname="tests.backend_test.TestOrders" name="test_create_order_bad_email" time="0.043" /><testcase classname="tests.backend_test.TestSellerEndpointsAuthz" name="test_seller_endpoints_require_auth" time="0.132" /></testsuite></testsuites>